<?xml version="1.0" encoding="UTF-8"?>
<!-- Generated by org.testng.reporters.JUnitXMLReporter -->
<testsuite ignored="0" hostname="Nilesh" failures="0" tests="55" name="Test" time="0.369" errors="0" timestamp="2023-01-20T07:53:42 IST">
  <testcase classname="testNG.Accordian_test" name="@BeforeTest getlaunch" time="0.088">
    <failure type="java.lang.IllegalStateException" message="The driver executable does not exist: C:\Users\pakas\eclipse-workspace\newbatchnileshpandey\Hello_project\NewDriver\chromedriver.exe">
      <![CDATA[java.lang.IllegalStateException: The driver executable does not exist: C:\Users\pakas\eclipse-workspace\newbatchnileshpandey\Hello_project\NewDriver\chromedriver.exe
at com.google.common.base.Preconditions.checkState(Preconditions.java:585)
at org.openqa.selenium.remote.service.DriverService.checkExecutable(DriverService.java:146)
at org.openqa.selenium.remote.service.DriverService.findExecutable(DriverService.java:141)
at org.openqa.selenium.chrome.ChromeDriverService.access$000(ChromeDriverService.java:35)
at org.openqa.selenium.chrome.ChromeDriverService$Builder.findDefaultExecutable(ChromeDriverService.java:159)
at org.openqa.selenium.remote.service.DriverService$Builder.build(DriverService.java:355)
at org.openqa.selenium.chrome.ChromeDriverService.createDefaultService(ChromeDriverService.java:94)
at org.openqa.selenium.chrome.ChromeDriver.<init>(ChromeDriver.java:123)
at testNG.Baselibrary.baselibrary(Baselibrary.java:12)
at testNG.Accordian_test.getlaunch(Accordian_test.java:14)
... Removed 24 stack frames]]>
    </failure>
  </testcase> <!-- @BeforeTest getlaunch -->
  <testcase classname="testNG.Alerttest" name="@BeforeTest launch" time="-1.674181422577E9">
    <skipped/>
  </testcase> <!-- @BeforeTest launch -->
  <testcase classname="testNG.Autocomplete_Test" name="@BeforeTest getlauch" time="-1.67418142258E9">
    <skipped/>
  </testcase> <!-- @BeforeTest getlauch -->
  <testcase classname="testNG.Button_test" name="@BeforeTest getbrowser" time="-1.674181422581E9">
    <skipped/>
  </testcase> <!-- @BeforeTest getbrowser -->
  <testcase classname="testNG.Change_window_tab_test" name="@BeforeTest getlaunchbrowser" time="-1.674181422582E9">
    <skipped/>
  </testcase> <!-- @BeforeTest getlaunchbrowser -->
  <testcase classname="testNG.Changeframetest" name="@BeforeTest getlaunch" time="-1.674181422583E9">
    <skipped/>
  </testcase> <!-- @BeforeTest getlaunch -->
  <testcase classname="testNG.Datepick_test" name="@BeforeTest getlaunch" time="-1.674181422584E9">
    <skipped/>
  </testcase> <!-- @BeforeTest getlaunch -->
  <testcase classname="testNG.Download_upload_test" name="@BeforeTest getlaunch" time="-1.674181422587E9">
    <skipped/>
  </testcase> <!-- @BeforeTest getlaunch -->
  <testcase classname="testNG.Frametest" name="@BeforeTest launch" time="-1.674181422589E9">
    <skipped/>
  </testcase> <!-- @BeforeTest launch -->
  <testcase classname="mavenpackage.Githubloginpagetest" name="@BeforeTest getlaunch" time="-1.67418142259E9">
    <skipped/>
  </testcase> <!-- @BeforeTest getlaunch -->
  <testcase classname="testNG.LoginTest" name="@BeforeTest launch" time="-1.674181422591E9">
    <skipped/>
  </testcase> <!-- @BeforeTest launch -->
  <testcase classname="testingjava_pages.Mergeclass" name="@BeforeTest setup" time="-1.674181422593E9">
    <skipped/>
  </testcase> <!-- @BeforeTest setup -->
  <testcase classname="testNG.Modaldialog_test" name="@BeforeTest getlaunch" time="-1.674181422594E9">
    <skipped/>
  </testcase> <!-- @BeforeTest getlaunch -->
  <testcase classname="testNG.Nestedframe_test" name="@BeforeTest geturl" time="-1.674181422595E9">
    <skipped/>
  </testcase> <!-- @BeforeTest geturl -->
  <testcase classname="testNG.Newtest" name="@BeforeTest login" time="-1.674181422597E9">
    <skipped/>
  </testcase> <!-- @BeforeTest login -->
  <testcase classname="testNG.Test_excellperiodicity" name="@BeforeTest getlaunchbrowser" time="-1.674181422599E9">
    <skipped/>
  </testcase> <!-- @BeforeTest getlaunchbrowser -->
  <testcase classname="testingjava_pages.Testbox_test" name="@BeforeTest getlaunchbrowser" time="-1.6741814226E9">
    <skipped/>
  </testcase> <!-- @BeforeTest getlaunchbrowser -->
  <testcase classname="testNG.Upload_download_test" name="@BeforeTest getlaunch" time="-1.674181422602E9">
    <skipped/>
  </testcase> <!-- @BeforeTest getlaunch -->
  <testcase classname="testNG.Upload_test" name="@BeforeTest getlaunch" time="-1.674181422604E9">
    <skipped/>
  </testcase> <!-- @BeforeTest getlaunch -->
  <testcase classname="testNG.Newtest" name="@BeforeClass launchbrowser" time="-1.674181422766E9">
    <skipped/>
  </testcase> <!-- @BeforeClass launchbrowser -->
  <testcase classname="testNG.Newtest" name="@BeforeMethod enterurl" time="-1.674181422768E9">
    <skipped/>
  </testcase> <!-- @BeforeMethod enterurl -->
  <testcase classname="testNG.Newtest" name="@AfterMethod logout" time="-1.67418142277E9">
    <skipped/>
  </testcase> <!-- @AfterMethod logout -->
  <testcase classname="testNG.Newtest" name="@AfterClass closebrowser" time="-1.674181422771E9">
    <skipped/>
  </testcase> <!-- @AfterClass closebrowser -->
  <testcase classname="testNG.Googletest" name="@BeforeMethod setup" time="-1.674181422823E9">
    <skipped/>
  </testcase> <!-- @BeforeMethod setup -->
  <testcase classname="testNG.Googletest" name="@AfterMethod teardown" time="-1.674181422826E9">
    <skipped/>
  </testcase> <!-- @AfterMethod teardown -->
  <testcase classname="testNG.LoginTest" name="@AfterTest teardown" time="-1.674181422841E9">
    <skipped/>
  </testcase> <!-- @AfterTest teardown -->
  <testcase classname="testNG.Newtest" name="@AfterTest deletecookies" time="-1.674181422841E9">
    <skipped/>
  </testcase> <!-- @AfterTest deletecookies -->
  <testcase classname="testNG.Modaldialog_test" name="reachthepage" time="0.0">
    <skipped/>
  </testcase> <!-- reachthepage -->
  <testcase classname="testNG.Modaldialog_test" name="firstbutton" time="0.0">
    <skipped/>
  </testcase> <!-- firstbutton -->
  <testcase classname="testNG.Modaldialog_test" name="secondbutton" time="0.0">
    <skipped/>
  </testcase> <!-- secondbutton -->
  <testcase classname="testNG.Test_excellperiodicity" name="clickoniframe" time="0.0">
    <skipped/>
  </testcase> <!-- clickoniframe -->
  <testcase classname="testNG.Test_excellperiodicity" name="filldata" time="0.0">
    <skipped/>
  </testcase> <!-- filldata -->
  <testcase classname="testNG.Test_excellperiodicity" name="clickonlinks" time="0.0">
    <skipped/>
  </testcase> <!-- clickonlinks -->
  <testcase classname="testNG.Test_excellperiodicity" name="clickonclosebtn" time="0.0">
    <skipped/>
  </testcase> <!-- clickonclosebtn -->
  <testcase classname="testNG.Alerttest" name="reachthealrtpage" time="0.0">
    <skipped/>
  </testcase> <!-- reachthealrtpage -->
  <testcase classname="testNG.Alerttest" name="readonly" time="0.0">
    <skipped/>
  </testcase> <!-- readonly -->
  <testcase classname="testNG.Alerttest" name="waitfor5second" time="0.0">
    <skipped/>
  </testcase> <!-- waitfor5second -->
  <testcase classname="testNG.Alerttest" name="confirmbox" time="0.0">
    <skipped/>
  </testcase> <!-- confirmbox -->
  <testcase classname="testNG.Alerttest" name="proompt" time="0.0">
    <skipped/>
  </testcase> <!-- proompt -->
  <testcase classname="testNG.Accordian_test" name="reachthepage" time="0.0">
    <skipped/>
  </testcase> <!-- reachthepage -->
  <testcase classname="testNG.Accordian_test" name="readfirstaccordian" time="0.0">
    <skipped/>
  </testcase> <!-- readfirstaccordian -->
  <testcase classname="testNG.Accordian_test" name="readsecondaccordian" time="0.0">
    <skipped/>
  </testcase> <!-- readsecondaccordian -->
  <testcase classname="testNG.Frametest" name="openthepage" time="0.0">
    <skipped/>
  </testcase> <!-- openthepage -->
  <testcase classname="testNG.Frametest" name="frame1read" time="0.0">
    <skipped/>
  </testcase> <!-- frame1read -->
  <testcase classname="testNG.Download_upload_test" name="clickonelement" time="0.0">
    <skipped/>
  </testcase> <!-- clickonelement -->
  <testcase classname="testNG.Nestedframe_test" name="reachthepage" time="0.0">
    <skipped/>
  </testcase> <!-- reachthepage -->
  <testcase classname="testNG.Nestedframe_test" name="childframe" time="0.0">
    <skipped/>
  </testcase> <!-- childframe -->
  <testcase classname="testNG.LoginTest" name="gettitle" time="0.0">
    <skipped/>
  </testcase> <!-- gettitle -->
  <testcase classname="testingjava_pages.Testbox_test" name="elements" time="0.0">
    <skipped/>
  </testcase> <!-- elements -->
  <testcase classname="testingjava_pages.Testbox_test" name="textbox" time="0.0">
    <skipped/>
  </testcase> <!-- textbox -->
  <testcase classname="testingjava_pages.Testbox_test" name="getfilldetails" time="0.0">
    <skipped/>
  </testcase> <!-- getfilldetails -->
  <testcase classname="testingjava_pages.Testbox_test" name="clicksubmit" time="0.0">
    <skipped/>
  </testcase> <!-- clicksubmit -->
  <testcase classname="testingjava_pages.Testbox_test" name="getvarrified" time="0.0">
    <skipped/>
  </testcase> <!-- getvarrified -->
  <testcase classname="testNG.Newtest" name="googletitletest" time="0.0">
    <skipped/>
  </testcase> <!-- googletitletest -->
  <testcase classname="testNG.Upload_test" name="clickonelement" time="0.0">
    <skipped/>
  </testcase> <!-- clickonelement -->
  <testcase classname="testingjava_pages.Mergeclass" name="gettitle" time="0.0">
    <skipped/>
  </testcase> <!-- gettitle -->
  <testcase classname="testingjava_pages.Mergeclass" name="type" time="0.0">
    <skipped/>
  </testcase> <!-- type -->
  <testcase classname="testingjava_pages.Mergeclass" name="search" time="0.0">
    <skipped/>
  </testcase> <!-- search -->
  <testcase classname="testingjava_pages.Mergeclass" name="clickonsong" time="0.0">
    <skipped/>
  </testcase> <!-- clickonsong -->
  <testcase classname="testNG.Datepick_test" name="widgetclick" time="0.0">
    <skipped/>
  </testcase> <!-- widgetclick -->
  <testcase classname="testNG.Datepick_test" name="datepick" time="0.0">
    <skipped/>
  </testcase> <!-- datepick -->
  <testcase classname="testNG.Datepick_test" name="dateform" time="0.0">
    <skipped/>
  </testcase> <!-- dateform -->
  <testcase classname="testNG.Datepick_test" name="dateselect" time="0.0">
    <skipped/>
  </testcase> <!-- dateselect -->
  <testcase classname="testNG.Upload_download_test" name="clickonelement" time="0.0">
    <skipped/>
  </testcase> <!-- clickonelement -->
  <testcase classname="testNG.Upload_download_test" name="upload" time="0.0">
    <skipped/>
  </testcase> <!-- upload -->
  <testcase classname="testNG.Upload_download_test" name="selectfile" time="0.0">
    <skipped/>
  </testcase> <!-- selectfile -->
  <testcase classname="testNG.Changeframetest" name="clickonalertframe" time="0.0">
    <skipped/>
  </testcase> <!-- clickonalertframe -->
  <testcase classname="testNG.Changeframetest" name="clickonframe" time="0.0">
    <skipped/>
  </testcase> <!-- clickonframe -->
  <testcase classname="testNG.Changeframetest" name="clickonparentframe" time="0.0">
    <skipped/>
  </testcase> <!-- clickonparentframe -->
  <testcase classname="testNG.Changeframetest" name="getdata" time="0.0">
    <skipped/>
  </testcase> <!-- getdata -->
  <testcase classname="testNG.Changeframetest" name="getdata2" time="0.0">
    <skipped/>
  </testcase> <!-- getdata2 -->
  <testcase classname="testNG.Change_window_tab_test" name="clickonalert" time="0.0">
    <skipped/>
  </testcase> <!-- clickonalert -->
  <testcase classname="testNG.Change_window_tab_test" name="browser" time="0.0">
    <skipped/>
  </testcase> <!-- browser -->
  <testcase classname="testNG.Change_window_tab_test" name="clickontab" time="0.0">
    <skipped/>
  </testcase> <!-- clickontab -->
  <testcase classname="testNG.Googletest" name="titletest" time="0.0">
    <skipped/>
  </testcase> <!-- titletest -->
  <testcase classname="testNG.Button_test" name="clickonelement" time="0.0">
    <skipped/>
  </testcase> <!-- clickonelement -->
  <testcase classname="testNG.Button_test" name="clickonbutton" time="0.0">
    <skipped/>
  </testcase> <!-- clickonbutton -->
  <testcase classname="testNG.Button_test" name="click" time="0.0">
    <skipped/>
  </testcase> <!-- click -->
  <testcase classname="testNG.Button_test" name="rightclick" time="0.0">
    <skipped/>
  </testcase> <!-- rightclick -->
  <testcase classname="testNG.Button_test" name="doubleclick" time="0.0">
    <skipped/>
  </testcase> <!-- doubleclick -->
  <testcase classname="testNG.Autocomplete_Test" name="reachthepage" time="0.0">
    <skipped/>
  </testcase> <!-- reachthepage -->
  <testcase classname="testNG.Autocomplete_Test" name="sendkeys" time="0.0">
    <skipped/>
  </testcase> <!-- sendkeys -->
</testsuite> <!-- Test -->
